[debug] [2018-10-20T19:08:01.360Z] ----------------------------------------------------------------------
[debug] [2018-10-20T19:08:01.362Z] Command:       C:\Program Files\nodejs\node.exe C:\Users\javau\AppData\Roaming\npm\node_modules\firebase-tools\bin\firebase serve --only hosting
[debug] [2018-10-20T19:08:01.363Z] CLI Version:   5.1.1
[debug] [2018-10-20T19:08:01.363Z] Platform:      win32
[debug] [2018-10-20T19:08:01.363Z] Node Version:  v8.12.0
[debug] [2018-10-20T19:08:01.363Z] Time:          Sat Oct 20 2018 15:08:01 GMT-0400 (Eastern Daylight Time)
[debug] [2018-10-20T19:08:01.363Z] ----------------------------------------------------------------------
[debug] 
[debug] [2018-10-20T19:08:01.377Z] > command requires scopes: ["email","openid","https://www.googleapis.com/auth/cloudplatformprojects.readonly","https://www.googleapis.com/auth/firebase","https://www.googleapis.com/auth/cloud-platform"]
[debug] [2018-10-20T19:08:01.377Z] > authorizing via signed-in user
[debug] [2018-10-20T19:08:01.378Z] [iam] checking project scheduler-hu for permissions ["firebase.projects.get"]
[debug] [2018-10-20T19:08:01.379Z] >>> HTTP REQUEST POST https://cloudresourcemanager.googleapis.com/v1/projects/scheduler-hu:testIamPermissions  

[debug] [2018-10-20T19:08:01.665Z] <<< HTTP RESPONSE 200
[debug] [2018-10-20T19:08:01.666Z] >>> HTTP REQUEST GET https://cloudresourcemanager.googleapis.com/v1/projects/scheduler-hu  
 
[debug] [2018-10-20T19:08:01.882Z] <<< HTTP RESPONSE 200
[info] 
[info] === Serving from 'C:\Users\javau\Documents\GitHub\friendlychat-web\web-start'...
[info] 
[debug] [2018-10-20T19:08:01.884Z] >>> HTTP REQUEST GET https://mobilesdk-pa.googleapis.com/v1/projects/221993862369/clients/_:getWebAppConfig  
 
[debug] [2018-10-20T19:08:02.152Z] <<< HTTP RESPONSE 200
[info] i  hosting: Serving hosting files from: ./
[info] +  hosting: Local server: http://localhost:5000
